2022.11.26 21:12:41 INFO  tracing is disabled for protocol LSP, to enable tracing of incoming and outgoing JSON messages create an empty file at c:\Users\admin\Desktop\BigData\clasebigdata\unit2\.metals\lsp.trace.json or C:\Users\admin\AppData\Local\scalameta\metals\cache\lsp.trace.json[0m
2022.11.26 21:12:42 INFO  logging to file C:\Users\admin\Desktop\BigData\ClaseBigData\unit2\.metals\metals.log[0m
2022.11.26 21:12:42 INFO  Started: Metals version 0.11.9 in workspace 'C:\Users\admin\Desktop\BigData\ClaseBigData\unit2' for client Visual Studio Code 1.73.1.[0m
2022.11.26 21:12:45 INFO  time: initialize in 2.71s[0m
2022.11.26 21:12:46 WARN  Build server is not auto-connectable.[0m
2022.11.26 21:12:46 WARN  no build tool detected in workspace 'C:\Users\admin\Desktop\BigData\ClaseBigData\unit2'. The most common cause for this problem is that the editor was opened in the wrong working directory, for example if you use sbt then the workspace directory should contain build.sbt. [0m
2022.11.26 21:12:46 WARN  no build target for: C:\Users\admin\Desktop\BigData\ClaseBigData\unit2\practices\practice3.scala[0m
2022.11.26 21:12:47 WARN  no build target for: C:\Users\admin\Desktop\BigData\ClaseBigData\unit2\practices\practice3.scala[0m
nov 26, 2022 9:12:47 P. M. org.eclipse.lsp4j.jsonrpc.RemoteEndpoint fallbackResponseError
SEVERE: Internal error: scala.meta.internal.metals.debug.BuildTargetNotFoundForPathException: No build target could be found for the path: C:\Users\admin\Desktop\BigData\ClaseBigData\unit2\practices\practice3.scala
java.util.concurrent.CompletionException: scala.meta.internal.metals.debug.BuildTargetNotFoundForPathException: No build target could be found for the path: C:\Users\admin\Desktop\BigData\ClaseBigData\unit2\practices\practice3.scala
	at java.base/java.util.concurrent.CompletableFuture.encodeThrowable(CompletableFuture.java:331)
	at java.base/java.util.concurrent.CompletableFuture.uniAcceptNow(CompletableFuture.java:743)
	at java.base/java.util.concurrent.CompletableFuture.uniAcceptStage(CompletableFuture.java:731)
	at java.base/java.util.concurrent.CompletableFuture.thenAcceptAsync(CompletableFuture.java:2112)
	at scala.concurrent.java8.FuturesConvertersImpl$CF.thenAccept(FutureConvertersImpl.scala:37)
	at org.eclipse.lsp4j.jsonrpc.RemoteEndpoint.handleRequest(RemoteEndpoint.java:279)
	at org.eclipse.lsp4j.jsonrpc.RemoteEndpoint.consume(RemoteEndpoint.java:190)
	at org.eclipse.lsp4j.jsonrpc.json.StreamMessageProducer.handleMessage(StreamMessageProducer.java:194)
	at org.eclipse.lsp4j.jsonrpc.json.StreamMessageProducer.listen(StreamMessageProducer.java:94)
	at org.eclipse.lsp4j.jsonrpc.json.ConcurrentMessageProcessor.run(ConcurrentMessageProcessor.java:113)
	at java.base/java.util.concurrent.Executors$RunnableAdapter.call(Executors.java:515)
	at java.base/java.util.concurrent.FutureTask.run(FutureTask.java:264)
	at java.base/java.util.concurrent.ThreadPoolExecutor.runWorker(ThreadPoolExecutor.java:1128)
	at java.base/java.util.concurrent.ThreadPoolExecutor$Worker.run(ThreadPoolExecutor.java:628)
	at java.base/java.lang.Thread.run(Thread.java:834)
Caused by: scala.meta.internal.metals.debug.BuildTargetNotFoundForPathException: No build target could be found for the path: C:\Users\admin\Desktop\BigData\ClaseBigData\unit2\practices\practice3.scala
	at scala.meta.internal.metals.debug.DebugProvider.debugDiscovery(DebugProvider.scala:412)
	at scala.meta.internal.metals.MetalsLanguageServer.executeCommand(MetalsLanguageServer.scala:1963)
	at java.base/jdk.internal.reflect.NativeMethodAccessorImpl.invoke0(Native Method)
	at java.base/jdk.internal.reflect.NativeMethodAccessorImpl.invoke(NativeMethodAccessorImpl.java:62)
	at java.base/jdk.internal.reflect.DelegatingMethodAccessorImpl.invoke(DelegatingMethodAccessorImpl.java:43)
	at java.base/java.lang.reflect.Method.invoke(Method.java:566)
	at org.eclipse.lsp4j.jsonrpc.services.GenericEndpoint.lambda$null$0(GenericEndpoint.java:65)
	at org.eclipse.lsp4j.jsonrpc.services.GenericEndpoint.request(GenericEndpoint.java:120)
	at org.eclipse.lsp4j.jsonrpc.RemoteEndpoint.handleRequest(RemoteEndpoint.java:261)
	... 9 more

2022.11.26 21:12:53 INFO  no build target found for C:\Users\admin\Desktop\BigData\ClaseBigData\unit2\practices\practice3.scala. Using presentation compiler with project's scala-library version: 3.2.0[0m
2022.11.26 21:12:55 INFO  time: code lens generation in 7.56s[0m
nov 26, 2022 9:13:52 P. M. org.eclipse.lsp4j.jsonrpc.services.GenericEndpoint notify
INFO: Unsupported notification method: $/setTrace
2022.11.26 21:15:35 INFO  shutting down Metals[0m
2022.11.26 21:23:08 INFO  tracing is disabled for protocol LSP, to enable tracing of incoming and outgoing JSON messages create an empty file at c:\Users\admin\Desktop\BigData\clasebigdata\unit2\.metals\lsp.trace.json or C:\Users\admin\AppData\Local\scalameta\metals\cache\lsp.trace.json[0m
2022.11.26 21:23:09 INFO  logging to file C:\Users\admin\Desktop\BigData\ClaseBigData\unit2\.metals\metals.log[0m
2022.11.26 21:23:09 INFO  Started: Metals version 0.11.9 in workspace 'C:\Users\admin\Desktop\BigData\ClaseBigData\unit2' for client Visual Studio Code 1.73.1.[0m
